<?xml version="1.0" encoding="UTF-8"?>
<testng-results ignored="0" total="1" passed="1" failed="0" skipped="0">
  <reporter-output>
  </reporter-output>
  <suite started-at="2024-02-20T19:23:11 IST" name="Suite" finished-at="2024-02-20T19:23:42 IST" duration-ms="31908">
    <groups>
    </groups>
    <test started-at="2024-02-20T19:23:11 IST" name="Test" finished-at="2024-02-20T19:23:42 IST" duration-ms="31908">
      <class name="TestCases.loginTest">
        <test-method is-config="true" signature="setUp()[pri:0, instance:TestCases.loginTest@3d74bf60]" started-at="2024-02-20T19:23:11 IST" name="setUp" finished-at="2024-02-20T19:23:38 IST" duration-ms="27005" status="PASS">
          <reporter-output>
          </reporter-output>
        </test-method> <!-- setUp -->
        <test-method signature="testLogin()[pri:0, instance:TestCases.loginTest@3d74bf60]" started-at="2024-02-20T19:23:38 IST" name="testLogin" finished-at="2024-02-20T19:23:41 IST" duration-ms="3512" status="PASS">
          <reporter-output>
          </reporter-output>
        </test-method> <!-- testLogin -->
        <test-method is-config="true" signature="quit()[pri:0, instance:TestCases.loginTest@3d74bf60]" started-at="2024-02-20T19:23:41 IST" name="quit" finished-at="2024-02-20T19:23:42 IST" duration-ms="1204" status="PASS">
          <reporter-output>
          </reporter-output>
        </test-method> <!-- quit -->
      </class> <!-- TestCases.loginTest -->
    </test> <!-- Test -->
  </suite> <!-- Suite -->
</testng-results>
