<?xml version="1.0" encoding="UTF-8"?>
<testng-results ignored="0" total="1" passed="1" failed="0" skipped="0">
  <reporter-output>
  </reporter-output>
  <suite started-at="2024-02-07T22:43:08 IST" name="Default suite" finished-at="2024-02-07T22:43:23 IST" duration-ms="14619">
    <groups>
    </groups>
    <test started-at="2024-02-07T22:43:08 IST" name="Default test" finished-at="2024-02-07T22:43:23 IST" duration-ms="14619">
      <class name="TestCases.loginTest">
        <test-method is-config="true" signature="setUp()[pri:0, instance:TestCases.loginTest@7d8995e]" started-at="2024-02-07T22:43:08 IST" name="setUp" finished-at="2024-02-07T22:43:20 IST" duration-ms="11486" status="PASS">
          <reporter-output>
          </reporter-output>
        </test-method> <!-- setUp -->
        <test-method signature="testLogin()[pri:0, instance:TestCases.loginTest@7d8995e]" started-at="2024-02-07T22:43:20 IST" name="testLogin" finished-at="2024-02-07T22:43:22 IST" duration-ms="2424" status="PASS">
          <reporter-output>
          </reporter-output>
        </test-method> <!-- testLogin -->
        <test-method is-config="true" signature="quit()[pri:0, instance:TestCases.loginTest@7d8995e]" started-at="2024-02-07T22:43:22 IST" name="quit" finished-at="2024-02-07T22:43:23 IST" duration-ms="622" status="PASS">
          <reporter-output>
          </reporter-output>
        </test-method> <!-- quit -->
      </class> <!-- TestCases.loginTest -->
    </test> <!-- Default test -->
  </suite> <!-- Default suite -->
</testng-results>
